<?xml version="1.0" encoding="UTF-8"?>
<!-- Generated by org.testng.reporters.JUnitReportReporter -->
<testsuite hostname="TRSAMU1-PC" name="com.learnautomation.selenium.demo" tests="1" failures="0" timestamp="4 Feb 2016 07:00:04 GMT" time="0.009" errors="0">
  <testcase name="testhello" time="0.009" classname="com.learnautomation.selenium.demo"/>
</testsuite> <!-- com.learnautomation.selenium.demo -->
