<?xml version="1.0" encoding="UTF-8"?>
<!-- Generated by org.testng.reporters.JUnitReportReporter -->
<testsuite hostname="TRSAMU1-PC" name="com.learnautomation.selenium.demo" tests="1" failures="0" timestamp="9 Feb 2016 05:38:25 GMT" time="59.374" errors="0">
  <testcase name="testhello" time="59.374" classname="com.learnautomation.selenium.demo"/>
</testsuite> <!-- com.learnautomation.selenium.demo -->
